The HCMV genome (EF999921) has 168 CDS.
target_id	test_stat	pval	qval

ABV71604.1	14.8058411981326	0.000119165822532827	0.011709655095944

ABV71622.1	14.4989808613046	0.000140235390370587	0.011709655095944

ABV71560.1	13.0094855846134	0.000309917067310461	0.0154298299168197

ABV71652.1	12.6800546681837	0.000369576764474724	0.0154298299168197

ABV71626.1	11.81327694756	0.000588098324890902	0.0172288429393279

ABV71651.1	11.4693832218598	0.000707521580636368	0.0172288429393279

ABV71646.1	11.4313111444213	0.000722167069313144	0.0172288429393279

ABV71649.1	11.1497507934697	0.000840429625634109	0.017543968435112

ABV71561.1	10.4406449553709	0.0012327221795746	0.022873844887662

ABV71595.1	10.0085965786691	0.00155811209848098	0.0260204720446324

ABV71519.1	8.64357524364805	0.00328216706663311	0.0440894851157909

ABV71596.1	8.5711514555594	0.0034153109543182	0.0440894851157909

ABV71506.1	8.40172377108085	0.00374865375680821	0.0440894851157909

ABV71607.1	8.35147589284853	0.00385374172732644	0.0440894851157909

ABV71635.1	8.30200502085966	0.00396013339363391	0.0440894851157909

ABV71507.1	7.96945406908004	0.00475732844864216	0.0496546156827026

Donor 1 (2dpi) had 2259287 read pairs before Bowtie2 filtering and 1744101 read pairs after.
Donor 1 (6dpi) had 2004530 read pairs before Bowtie2 filtering and 1488833 read pairs after.
Donor 3 (2dpi) had 2730258 read pairs before Bowtie2 filtering and 2382996 read pairs after.
Donor 3 (6dpi) had 2476889 read pairs before Bowtie2 filtering and 1500834 read pairs after.

spades -k 127 -t 2 --only-assembler --pe1-1 SRR5660030.1_mapped.1.fq --pe1-2 SRR5660030.1_mapped.2.fq --pe2-1 SRR5660033.1_mapped.1.fq --pe2-2 SRR5660033.1_mapped.2.fq --pe3-1 SRR5660044.1_mapped.1.fq  --pe3-2 SRR5660044.1_mapped.2.fq --pe4-1 SRR5660045.1_mapped.1.fq --pe4-2 SRR5660045.1_mapped.2.fq -o HCMVassembly/
There are 69 contigs > 1000 bp in the assembly.
There are 198110 bp in the assembly.
sacc	pident	length	qstart	qend	sstart	send	bitscore	evalue	stitle
KF297339.1	99.990	9820	1	9819	227884	218065	18127	0.0	KF297339.1 Human herpesvirus 5 strain TB40/E clone Lisa, complete genome

KP745725.1	99.990	9820	1	9819	225511	215692	18127	0.0	KP745725.1 Human herpesvirus 5 strain BE/49/2011, complete genome

JX512204.1	99.990	9820	1	9819	225438	215619	18127	0.0	JX512204.1 Human herpesvirus 5 strain HAN16, complete genome

EF999921.1	99.990	9820	1	9819	23542	13723	18127	0.0	EF999921.1 Human herpesvirus 5 strain TB40/E clone TB40-BAC4, complete sequence

MT070140.1	99.990	9820	1	9819	226025	216206	18127	0.0	MT070140.1 UNVERIFIED: Human betaherpesvirus 5 isolate P10, complete genome

KX544839.1	99.980	9820	1	9819	23535	13717	18122	0.0	KX544839.1 Human herpesvirus 5 isolate TB40-E_UNC, complete genome

MT044484.1	99.969	9820	1	9819	225508	215689	18116	0.0	MT044484.1 Human betaherpesvirus 5 strain HAN-SOT4, complete genome

KJ361956.1	99.949	9820	1	9819	224754	214935	18105	0.0	KJ361956.1 Human herpesvirus 5 strain HAN36, complete genome

KY490087.1	99.145	9821	1	9819	225955	216135	17669	0.0	KY490087.1 Human betaherpesvirus 5 strain HANSCTR12, complete genome

KP745699.1	99.104	9821	1	9819	224887	215067	17647	0.0	KP745699.1 Human herpesvirus 5 strain BE/1/2012, complete genome

